  Game.cpp
C:\Users\rusla\OneDrive\Desktop\New folder (4)\Airplane\AirPlanes\AirPlanes\Game.cpp(113,31): warning C4244: '=': conversion from 'int' to 'T', possible loss of data
          with
          [
              T=float
          ]
C:\Users\rusla\OneDrive\Desktop\New folder (4)\Airplane\AirPlanes\AirPlanes\Game.cpp(114,31): warning C4244: '=': conversion from 'int' to 'T', possible loss of data
          with
          [
              T=float
          ]
C:\Users\rusla\OneDrive\Desktop\New folder (4)\Airplane\AirPlanes\AirPlanes\Game.cpp(122,38): warning C4244: '=': conversion from 'int' to 'T', possible loss of data
          with
          [
              T=float
          ]
C:\Users\rusla\OneDrive\Desktop\New folder (4)\Airplane\AirPlanes\AirPlanes\Game.cpp(123,38): warning C4244: '=': conversion from 'int' to 'T', possible loss of data
          with
          [
              T=float
          ]
C:\Users\rusla\OneDrive\Desktop\New folder (4)\Airplane\AirPlanes\AirPlanes\Game.cpp(328,16): warning C4244: 'initializing': conversion from 'double' to 'float', possible loss of data
  main.cpp
  Generating Code...
  AirPlanes.vcxproj -> C:\Users\rusla\OneDrive\Desktop\New folder (4)\Airplane\AirPlanes\Debug\AirPlanes.exe
